"../../../Engine/Content/Animation/DefaultAnimBoneCompressionSettings.uasset" 0
"../../../Engine/Content/Animation/DefaultAnimCurveCompressionSettings.uasset" 1
"../../../Engine/Content/EngineMaterials/T_Default_Material_Grid_N.uasset" 2
"../../../Engine/Content/EngineMaterials/T_Default_Material_Grid_M.uasset" 3
"../../../Engine/Content/Functions/Engine_MaterialFunctions01/Opacity/CameraDepthFade.uasset" 4
"../../../Engine/Content/EngineMaterials/WorldGridMaterial.uasset" 5
"../../../Engine/Content/ArtTools/RenderToTexture/Meshes/S_1_Unit_Plane.uasset" 6
"../../../Engine/Content/EngineMaterials/DefaultMaterial.uasset" 7
"../../../Engine/Content/BasicShapes/Cone.uasset" 8
"../../../Engine/Content/BasicShapes/Cube.uasset" 9
"../../../Engine/Content/EditorLandscapeResources/DataLayer.uasset" 10
"../../../Engine/Content/EditorLandscapeResources/DefaultAlphaTexture.uasset" 11
"../../../Engine/Content/EditorMaterials/MAT_Groups_Toggle.uasset" 12
"../../../Engine/Content/EditorMaterials/MAT_Groups_Visibility.uasset" 13
"../../../Engine/Content/EditorMaterials/PreviewShadowIndicator.uasset" 14
"../../../Engine/Content/EditorMaterials/PreviewShadowIndicatorMaterial.uasset" 15
"../../../Engine/Content/EditorMaterials/MatineeGroups/MAT_ColorTrack.uasset" 16
"../../../Engine/Content/EditorMaterials/MatineeGroups/MAT_Groups_Anim.uasset" 17
"../../../Engine/Content/EditorMaterials/MatineeGroups/MAT_Groups_AudioMaster.uasset" 18
"../../../Engine/Content/EditorMaterials/MatineeGroups/MAT_Groups_Director.uasset" 19
"../../../Engine/Content/EditorMaterials/MatineeGroups/MAT_Groups_Event.uasset" 20
"../../../Engine/Content/EditorMaterials/MatineeGroups/MAT_Groups_Fade.uasset" 21
"../../../Engine/Content/EditorMaterials/MatineeGroups/MAT_Groups_Float.uasset" 22
"../../../Engine/Content/EditorMaterials/MatineeGroups/MAT_Groups_Move.uasset" 23
"../../../Engine/Content/EditorMaterials/MatineeGroups/MAT_Groups_Slomo.uasset" 24
"../../../Engine/Content/EditorMaterials/MatineeGroups/MAT_Groups_Sound.uasset" 25
"../../../Engine/Content/EditorMaterials/MatineeGroups/MAT_Groups_Vector.uasset" 26
"../../../Engine/Content/EditorMaterials/ParticleSystems/PSysThumbnail_NoImage.uasset" 27
"../../../Engine/Content/EditorMaterials/ParticleSystems/PSysThumbnail_OOD.uasset" 28
"../../../Engine/Content/EditorMaterials/Camera/CineMat.uasset" 29
"../../../Engine/Content/EditorMaterials/Camera/MI_CineMat_Rig.uasset" 30
"../../../Engine/Content/EditorMeshes/Camera/SM_CraneRig_Arm.uasset" 31
"../../../Engine/Content/EditorMeshes/Camera/SM_CraneRig_Base.uasset" 32
"../../../Engine/Content/EditorMeshes/Camera/SM_CraneRig_Body.uasset" 33
"../../../Engine/Content/EditorMeshes/Camera/SM_CraneRig_Mount.uasset" 34
"../../../Engine/Content/EditorMeshes/Camera/SM_RailRig_Mount.uasset" 35
"../../../Engine/Content/EditorMeshes/Camera/SM_RailRig_Track.uasset" 36
"../../../Engine/Content/EditorResources/BSPVertex.uasset" 37
"../../../Engine/Content/EditorResources/EmptyActor.uasset" 38
"../../../Engine/Content/EditorResources/S_Actor.uasset" 39
"../../../Engine/Content/EditorResources/S_Note.uasset" 40
"../../../Engine/Content/EditorResources/S_Solver.uasset" 41
"../../../Engine/Content/EditorResources/S_Terrain.uasset" 42
"../../../Engine/Content/EditorResources/S_Trigger.uasset" 43
"../../../Engine/Content/EditorResources/LightIcons/S_LightError.uasset" 44
"../../../Engine/Content/EditorResources/SequenceRecorder/Countdown.uasset" 45
"../../../Engine/Content/EditorResources/SequenceRecorder/RecordingIndicator.uasset" 46
"../../../Engine/Content/EngineDamageTypes/DmgTypeBP_Environmental.uasset" 47
"../../../Engine/Content/EngineDebugMaterials/DebugEditorMaterial.uasset" 48
"../../../Engine/Content/EngineDebugMaterials/DebugMeshMaterial.uasset" 49
"../../../Engine/Content/EngineDebugMaterials/M_SimpleUnlitTranslucent.uasset" 50
"../../../Engine/Content/Functions/Engine_MaterialFunctions02/Utility/CameraDirectionVector.uasset" 51
"../../../Engine/Content/EngineDebugMaterials/VolumeToRender.uasset" 52
"../../../Engine/Content/EngineDebugMaterials/M_VolumeRenderSphereTracePP.uasset" 53
"../../../Engine/Content/Functions/Engine_MaterialFunctions01/Shading/ConvertFromDiffSpec.uasset" 54
"../../../Engine/Content/EngineDebugMaterials/VertexColorMaterial.uasset" 55
"../../../Engine/Content/EngineDebugMaterials/WireframeMaterial.uasset" 56
"../../../Engine/Content/EngineFonts/Faces/RobotoRegular.uasset" 57
"../../../Engine/Content/EngineFonts/Faces/RobotoLight.uasset" 58
"../../../Engine/Content/EngineFonts/Faces/RobotoItalic.uasset" 59
"../../../Engine/Content/EngineFonts/Faces/RobotoBoldItalic.uasset" 60
"../../../Engine/Content/EngineFonts/Faces/RobotoBold.uasset" 61
"../../../Engine/Content/EngineFonts/Faces/DroidSansFallback.uasset" 62
"../../../Engine/Content/EngineFonts/Roboto.uasset" 63
"../../../Engine/Content/EngineMaterials/BaseFlattenNormalMap.uasset" 64
"../../../Engine/Content/EngineMaterials/BaseFlattenGrayscaleMap.uasset" 65
"../../../Engine/Content/EngineMaterials/BaseFlattenEmissiveMap.uasset" 66
"../../../Engine/Content/EngineMaterials/BaseFlattenDiffuseMap.uasset" 67
"../../../Engine/Content/EngineMaterials/BaseFlattenMaterial.uasset" 68
"../../../Engine/Content/EngineMaterials/BlueNoise.uasset" 69
"../../../Engine/Content/EngineMaterials/DefaultBloomKernel.uasset" 70
"../../../Engine/Content/EngineMaterials/DefaultBokeh.uasset" 71
"../../../Engine/Content/EngineMaterials/DefaultDiffuse.uasset" 72
"../../../Engine/Content/EngineMaterials/DefaultDeferredDecalMaterial.uasset" 73
"../../../Engine/Content/EngineMaterials/DefaultLightFunctionMaterial.uasset" 74
"../../../Engine/Content/EngineMaterials/DefaultPhysicalMaterial.uasset" 75
"../../../Engine/Content/Functions/Engine_MaterialFunctions02/Utility/BreakOutFloat2Components.uasset" 76
"../../../Engine/Content/EngineMaterials/DefaultPostProcessMaterial.uasset" 77
"../../../Engine/Content/EngineFonts/RobotoDistanceField.uasset" 78
"../../../Engine/Content/EngineMaterials/DefaultTextMaterialOpaque.uasset" 79
"../../../Engine/Content/EngineMaterials/DefaultWhiteGrid.uasset" 80
"../../../Engine/Content/EngineMaterials/DefaultWhiteGrid_Low.uasset" 81
"../../../Engine/Content/EngineMaterials/EmissiveMeshMaterial.uasset" 82
"../../../Engine/Content/EngineMaterials/GizmoMaterial.uasset" 83
"../../../Engine/Content/EngineMaterials/MiniFont.uasset" 84
"../../../Engine/Content/EngineMaterials/InvalidLightmapSettings.uasset" 85
"../../../Engine/Content/EngineMaterials/M_InvalidLightmapSettings.uasset" 86
"../../../Engine/Content/Functions/Engine_MaterialFunctions02/WorldPositionOffset/CameraOffset.uasset" 87
"../../../Engine/Content/EngineMaterials/PhAT_JointLimitMaterial.uasset" 88
"../../../Engine/Content/EngineMaterials/PreintegratedSkinBRDF.uasset" 89
"../../../Engine/Content/EngineMaterials/RemoveSurfaceMaterial.uasset" 90
"../../../Engine/Content/EngineMaterials/WeightMapPlaceholderTexture.uasset" 91
"../../../Engine/Content/EngineResources/WhiteSquareTexture.uasset" 92
"../../../Engine/Content/EngineMaterials/Widget3DPassThrough.uasset" 93
"../../../Engine/Content/EngineMaterials/Widget3DPassThrough_Masked.uasset" 94
"../../../Engine/Content/EngineMaterials/Widget3DPassThrough_Opaque.uasset" 95
"../../../Engine/Content/EngineMaterials/Widget3DPassThrough_Masked_OneSided.uasset" 96
"../../../Engine/Content/EngineMaterials/Widget3DPassThrough_Opaque_OneSided.uasset" 97
"../../../Engine/Content/EngineMaterials/Widget3DPassThrough_Translucent.uasset" 98
"../../../Engine/Content/EngineMaterials/Widget3DPassThrough_Translucent_OneSided.uasset" 99
"../../../Engine/Content/EngineMeshes/Cylinder.uasset" 100
"../../../Engine/Content/EngineMeshes/Sphere.uasset" 101
"../../../Engine/Content/EngineResources/Black.uasset" 102
"../../../Engine/Content/EngineResources/DefaultTextureCube.uasset" 103
"../../../Engine/Content/EngineResources/DefaultVolumeTexture2D.uasset" 104
"../../../Engine/Content/EngineResources/DefaultVolumeTexture.uasset" 105
"../../../Engine/Content/EngineResources/GradientTexture0.uasset" 106
"../../../Engine/Content/EngineSky/VolumetricClouds/T_NoiseShape64.uasset" 107
"../../../Engine/Content/EngineSky/VolumetricClouds/T_VolumeNoiseShape64.uasset" 108
"../../../Engine/Content/EngineSky/VolumetricClouds/T_NoiseErosion.uasset" 109
"../../../Engine/Content/EngineSky/VolumetricClouds/T_VolumeNoiseErosion32.uasset" 110
"../../../Engine/Content/EngineSky/VolumetricClouds/CloudWeatherTexture.uasset" 111
"../../../Engine/Content/EngineSky/VolumetricClouds/CloudGradientTexture.uasset" 112
"../../../Engine/Content/Functions/Engine_MaterialFunctions02/Utility/MakeFloat2.uasset" 113
"../../../Engine/Content/EngineSky/VolumetricClouds/m_SimpleVolumetricCloud.uasset" 114
"../../../Engine/Content/EngineSky/VolumetricClouds/m_SimpleVolumetricCloud_Inst.uasset" 115
"../../../Engine/Content/EngineSounds/Master.uasset" 116
"../../../Engine/Content/Functions/Engine_MaterialFunctions01/Shading/PowerToRoughness.uasset" 117
"../../../Engine/Content/Maps/Templates/Thumbnails/Default.uasset" 118
"../../../Engine/Content/Maps/Templates/Thumbnails/TimeOfDay.uasset" 119
"../../../Engine/Content/Maps/Templates/Thumbnails/VR-Basic.uasset" 120
"../../../Engine/Content/MobileResources/T_MobileControls_texture.uasset" 121
"../../../Engine/Content/MobileResources/T_MobileMenu2.uasset" 122
"../../../Engine/Content/MobileResources/HUD/AnalogHat.uasset" 123
"../../../Engine/Content/MobileResources/HUD/VirtualJoystick_Thumb.uasset" 124
"../../../Engine/Content/MobileResources/HUD/VirtualJoystick_Background.uasset" 125
"../../../Engine/Content/MobileResources/HUD/DefaultVirtualJoysticks.uasset" 126
"../../../Engine/Content/MobileResources/HUD/LeftVirtualJoystickOnly.uasset" 127
"../../../Engine/Content/MobileResources/HUD/MobileHUDButton1_off.uasset" 128
"../../../Engine/Content/MobileResources/HUD/MobileHUDButton1_on.uasset" 129
"../../../Engine/Content/MobileResources/HUD/MobileHUDButton2_off.uasset" 130
"../../../Engine/Content/MobileResources/HUD/MobileHUDButton2_on.uasset" 131
"../../../Engine/Content/MobileResources/HUD/MobileHUDButton3.uasset" 132
"../../../Engine/Content/MobileResources/HUD/MobileHUDButtonFire.uasset" 133
"../../../Engine/Content/MobileResources/HUD/MobileHUDDirectionPad.uasset" 134
"../../../Engine/Content/MobileResources/HUD/MobileHUDDirectionPad2.uasset" 135
"../../../Engine/Content/MobileResources/HUD/MobileHUDDirectionPad3.uasset" 136
"../../../Engine/Content/MobileResources/HUD/MobileHUDDirectionStick.uasset" 137
"../../../Engine/Content/MobileResources/HUD/T_Castle_ThumbstickInner.uasset" 138
"../../../Engine/Content/MobileResources/HUD/T_Castle_ThumbstickOutter.uasset" 139
"../../../Engine/Content/Tutorial/ContentIntroCurve.uasset" 140
"../../../Engine/Content/Tutorial/Basics/LevelEditorAttract.uasset" 141
"../../../Engine/Content/Tutorial/SubEditors/MaterialEditorTutorial.uasset" 142
"../../../Engine/Content/Tutorial/SubEditors/TutorialAssets/TutorialMaterial.uasset" 143
"../../../Engine/Content/VREditor/TransformGizmo/TranslucentTransformGizmoMaterial.uasset" 144
"../../../Engine/Content/VREditor/LaserPointer/VR_LaserPower_01.uasset" 145
"../../../Engine/Content/VREditor/TransformGizmo/TransformGizmoMaterial.uasset" 146
"../../../Engine/Content/VREditor/TransformGizmo/BoundingBoxCorner.uasset" 147
"../../../Engine/Content/VREditor/TransformGizmo/BoundingBoxEdge.uasset" 148
"../../../Engine/Content/VREditor/TransformGizmo/PlaneTranslationHandle.uasset" 149
"../../../Engine/Content/VREditor/TransformGizmo/Xray.uasset" 150
"../../../Engine/Content/VREditor/TransformGizmo/Main.uasset" 151
"../../../Engine/Content/VREditor/TransformGizmo/SM_Sequencer_Key.uasset" 152
"../../../Engine/Content/VREditor/TransformGizmo/SM_Sequencer_Node.uasset" 153
"../../Plugins/2D/Paper2D/Content/PlaceholderTextures/DummySpriteTexture.uasset" 154
"../../Plugins/2D/Paper2D/Content/DummySprite.uasset" 155
"../../Plugins/2D/Paper2D/Content/DefaultPaperTerrainMaterial.uasset" 156
"../../Plugins/2D/Paper2D/Content/DefaultSpriteMaterial.uasset" 157
"../../Plugins/2D/Paper2D/Content/MaskedUnlitSpriteMaterial.uasset" 158
"../../Plugins/2D/Paper2D/Content/OpaqueUnlitSpriteMaterial.uasset" 159
"../../../Engine/Content/Functions/Engine_MaterialFunctions02/Utility/BreakOutFloat3Components.uasset" 160
"../../Plugins/Editor/SpeedTreeImporter/Content/SpeedTree9/UnpackInteger3.uasset" 161
"../../Plugins/Editor/SpeedTreeImporter/Content/SpeedTree9/UnpackDirection.uasset" 162
"../../Plugins/Editor/SpeedTreeImporter/Content/SpeedTree9/game_wind_noise.uasset" 163
"../../../Engine/Content/Functions/Engine_MaterialFunctions02/SafeNormalize.uasset" 164
"../../Plugins/Editor/SpeedTreeImporter/Content/SpeedTree9/SpeedTreeWindMotion.uasset" 165
"../../Plugins/Editor/SpeedTreeImporter/Content/SpeedTree9/SpeedTreeBranchMotion.uasset" 166
"../../../Engine/Content/Functions/Engine_MaterialFunctions02/ObjectLocalBounds.uasset" 167
"../../../Engine/Content/Functions/Engine_MaterialFunctions02/UVs/BoundingBoxBased_0-1_UVW.uasset" 168
"../../Plugins/Editor/SpeedTreeImporter/Content/SpeedTree9/SpeedTreeWind.uasset" 169
"../../Plugins/Editor/SpeedTreeImporter/Content/SpeedTree9/SpeedTreeBillboard.uasset" 170
"../../../Engine/Content/EngineResources/DefaultTexture.uasset" 171
"../../Plugins/Editor/SpeedTreeImporter/Content/SpeedTree9/SpeedTreeBillboardMaster.uasset" 172
"../../Plugins/Editor/SpeedTreeImporter/Content/SpeedTree9/SpeedTreeCameraFacing.uasset" 173
"../../Plugins/Editor/SpeedTreeImporter/Content/SpeedTree9/SpeedTreeMaster.uasset" 174
"../../../Engine/Content/BasicShapes/Cylinder.uasset" 175
"../../../Engine/Content/ArtTools/RenderToTexture/Materials/Debug/M_Emissive_Color.uasset" 176
"../../Plugins/Lumin/MagicLeapPassableWorld/Content/MagicLeapARPinInfoActor.uasset" 177
"../../../Engine/Content/Functions/Engine_MaterialFunctions02/Utility/BreakOutFloat4Components.uasset" 178
"../../../Engine/Content/Functions/Engine_MaterialFunctions02/Utility/MakeFloat3.uasset" 179
"../../Plugins/Runtime/Oculus/OculusVR/Content/Materials/OculusMR_ChromaKey.uasset" 180
"../../Plugins/Runtime/Oculus/OculusVR/Content/Materials/OculusMR_OpaqueColoredMaterial.uasset" 181
"../../Plugins/Runtime/Oculus/OculusVR/Content/Materials/PokeAHoleMaterial.uasset" 182
"../../../Engine/Content/EngineSky/T_Sky_Stars.uasset" 183
"../../../Engine/Content/EngineSky/T_Sky_Clouds_M.uasset" 184
"../../../Engine/Content/EngineSky/T_Sky_Blue.uasset" 185
"../../../Engine/Content/EngineSky/M_Sky_Panning_Clouds2.uasset" 186
"Z:/Unreal Engine Projects/3DVRExample/VR3D/Content/VirtualRealityBP/Maps/MotionControllerMap_BuiltData.uasset" 187
"../../../Engine/Content/EditorBlueprintResources/StandardMacros.uasset" 188
"../../../Engine/Content/EngineSky/SM_SkySphere.uasset" 189
"../../../Engine/Content/EngineSky/C_Sky_Zenith_Color.uasset" 190
"../../../Engine/Content/EngineSky/C_Sky_Horizon_Color.uasset" 191
"../../../Engine/Content/EngineSky/C_Sky_Cloud_Color.uasset" 192
"../../../Engine/Content/EngineSky/BP_Sky_Sphere.uasset" 193
"../../../Engine/Content/BasicShapes/Sphere.uasset" 194
"Z:/Unreal Engine Projects/3DVRExample/VR3D/Content/VirtualRealityBP/Blueprints/MotionControllerHaptics.uasset" 195
"Z:/Unreal Engine Projects/3DVRExample/VR3D/Content/VirtualRealityBP/Blueprints/PickupActorInterface.uasset" 196
"Z:/Unreal Engine Projects/3DVRExample/VR3D/Content/VirtualReality/Meshes/SM_FatCylinder.uasset" 197
"Z:/Unreal Engine Projects/3DVRExample/VR3D/Content/VirtualReality/Meshes/BeamMesh.uasset" 198
"Z:/Unreal Engine Projects/3DVRExample/VR3D/Content/VirtualReality/Meshes/BeaconDirection.uasset" 199
"Z:/Unreal Engine Projects/3DVRExample/VR3D/Content/VirtualReality/Meshes/1x1_cube.uasset" 200
"../../../Engine/Content/EngineMaterials/Good64x64TilingNoiseHighFreq.uasset" 201
"Z:/Unreal Engine Projects/3DVRExample/VR3D/Content/VirtualReality/Materials/TeleportMCP.uasset" 202
"../../../Engine/Content/Functions/Engine_MaterialFunctions02/ScreenResolution.uasset" 203
"../../../Engine/Content/Functions/Engine_MaterialFunctions01/Texturing/ScaleUVsByCenter.uasset" 204
"../../../Engine/Content/Functions/Engine_MaterialFunctions02/Texturing/ScreenAlignedUVs.uasset" 205
"../../../Engine/Content/Functions/Engine_MaterialFunctions02/Utility/DepthFromWorldPosition.uasset" 206
"Z:/Unreal Engine Projects/3DVRExample/VR3D/Content/VirtualReality/Materials/MF_OccludedPixels.uasset" 207
"Z:/Unreal Engine Projects/3DVRExample/VR3D/Content/VirtualReality/Materials/M_SplineArcMat.uasset" 208
"Z:/Unreal Engine Projects/3DVRExample/VR3D/Content/VirtualReality/Materials/M_ArcEndpoint.uasset" 209
"Z:/Unreal Engine Projects/3DVRExample/VR3D/Content/VirtualReality/Materials/M_TeleportPreviews.uasset" 210
"Z:/Unreal Engine Projects/3DVRExample/VR3D/Content/VirtualReality/Materials/MI_TeleportCylinderPreview.uasset" 211
"Z:/Unreal Engine Projects/3DVRExample/VR3D/Content/VirtualReality/Materials/MI_ChaperoneOutline.uasset" 212
"Z:/Unreal Engine Projects/3DVRExample/VR3D/Content/VirtualReality/Mannequin/Character/Mesh/MannequinHand_Right_PhysicsAsset.uasset" 213
"Z:/Unreal Engine Projects/3DVRExample/VR3D/Content/VirtualReality/Mannequin/Character/Textures/UE4_Mannequin_MAT_MASKA.uasset" 214
"Z:/Unreal Engine Projects/3DVRExample/VR3D/Content/VirtualReality/Mannequin/Character/Textures/UE4_Mannequin__normals.uasset" 215
"Z:/Unreal Engine Projects/3DVRExample/VR3D/Content/VirtualReality/Mannequin/Character/Materials/M_HandMat.uasset" 216
"Z:/Unreal Engine Projects/3DVRExample/VR3D/Content/VirtualReality/Mannequin/Character/Mesh/MannequinHand_Right_Skeleton.uasset" 217
"Z:/Unreal Engine Projects/3DVRExample/VR3D/Content/VirtualReality/Mannequin/Character/Mesh/MannequinHand_Right.uasset" 218
"Z:/Unreal Engine Projects/3DVRExample/VR3D/Content/VirtualRealityBP/Blueprints/GripEnum.uasset" 219
"Z:/Unreal Engine Projects/3DVRExample/VR3D/Content/VirtualReality/Mannequin/Animations/MannequinHand_Right_Open.uasset" 220
"Z:/Unreal Engine Projects/3DVRExample/VR3D/Content/VirtualReality/Mannequin/Animations/MannequinHand_Right_Grab.uasset" 221
"Z:/Unreal Engine Projects/3DVRExample/VR3D/Content/VirtualReality/Mannequin/Animations/MannequinHand_Right_CanGrab.uasset" 222
"Z:/Unreal Engine Projects/3DVRExample/VR3D/Content/VirtualReality/Mannequin/Animations/RightGrip_BS.uasset" 223
"Z:/Unreal Engine Projects/3DVRExample/VR3D/Content/VirtualReality/Mannequin/Animations/RightHand_AnimBP.uasset" 224
"Z:/Unreal Engine Projects/3DVRExample/VR3D/Content/VirtualRealityBP/Blueprints/BP_MotionController.uasset" 225
"Z:/Unreal Engine Projects/3DVRExample/VR3D/Content/VirtualRealityBP/Blueprints/MotionControllerPawn.uasset" 226
"Z:/Unreal Engine Projects/3DVRExample/VR3D/Content/VirtualReality/Materials/M_BaseMaterial.uasset" 227
"Z:/Unreal Engine Projects/3DVRExample/VR3D/Content/VirtualReality/Materials/MI_SmallCubes.uasset" 228
"Z:/Unreal Engine Projects/3DVRExample/VR3D/Content/Geometry/Meshes/CubeMaterial.uasset" 229
"Z:/Unreal Engine Projects/3DVRExample/VR3D/Content/Geometry/Meshes/1M_Cube.uasset" 230
"Z:/Unreal Engine Projects/3DVRExample/VR3D/Content/VirtualRealityBP/Blueprints/BP_PickupCube.uasset" 231
"Z:/Unreal Engine Projects/3DVRExample/VR3D/Content/VirtualReality/Materials/MI_BaseMaterial3.uasset" 232
"Z:/Unreal Engine Projects/3DVRExample/VR3D/Content/VirtualReality/Materials/MI_BaseMaterial2.uasset" 233
"Z:/Unreal Engine Projects/3DVRExample/VR3D/Content/3DVR/MP_3DVR.uasset" 234
"Z:/Unreal Engine Projects/3DVRExample/VR3D/Content/3DVR/Textures/T_MediaPlayerShibuya.uasset" 235
"Z:/Unreal Engine Projects/3DVRExample/VR3D/Content/3DVR/Materials/M_BasicShibuya.uasset" 236
"Z:/Unreal Engine Projects/3DVRExample/VR3D/Content/3DVR/Textures/moon.uasset" 237
"Z:/Unreal Engine Projects/3DVRExample/VR3D/Content/3DVR/Materials/M_BasicMoon.uasset" 238
"Z:/Unreal Engine Projects/3DVRExample/VR3D/Content/3DVR/Textures/kyoto.uasset" 239
"Z:/Unreal Engine Projects/3DVRExample/VR3D/Content/3DVR/Materials/M_BasicKyoto.uasset" 240
"Z:/Unreal Engine Projects/3DVRExample/VR3D/Content/3DVR/Materials/M_Video3D.uasset" 241
"Z:/Unreal Engine Projects/3DVRExample/VR3D/Content/3DVR/FMS_3DVR.uasset" 242
"../../../Engine/Content/BasicShapes/Plane.uasset" 243
"Z:/Unreal Engine Projects/3DVRExample/VR3D/Content/3DVR/BP_Video3D.uasset" 244
"Z:/Unreal Engine Projects/3DVRExample/VR3D/Content/3DVR/Materials/M_SingleImage3D.uasset" 245
"Z:/Unreal Engine Projects/3DVRExample/VR3D/Content/3DVR/BP_SingleImage3D.uasset" 246
"../../../Engine/Content/Functions/Engine_MaterialFunctions01/Coordinates/UVRemap_0-1_ToRange.uasset" 247
"Z:/Unreal Engine Projects/3DVRExample/VR3D/Content/3DVR/Materials/M_SideBySide3D.uasset" 248
"Z:/Unreal Engine Projects/3DVRExample/VR3D/Content/3DVR/BP_SideBySide3D.uasset" 249
"Z:/Unreal Engine Projects/3DVRExample/VR3D/Content/VirtualRealityBP/Maps/MotionControllerMap.umap" 250
"../../../Engine/Content/Maps/Entry_BuiltData.uasset" 251
"../../../Engine/Content/Maps/Entry.umap" 252
